make[1]: *** No targets specified and no makefile found.  Stop.
make: *** [make_tools.mk:11: tools/poryscript-mac] Error 2
tools/agbcc/bin/agbcc <flags> -o build/emerald/src/quests.o src/quests.c
src/quests.c: In function `GetSetQuestFlag':
src/quests.c:1825: invalid operands to binary &
src/quests.c:1827: invalid operands to binary |
src/quests.c:1830: invalid operands to binary &
make: *** [Makefile:337: build/emerald/src/quests.o] Error 1
make: *** Deleting file 'build/emerald/src/quests.o'
